<?xml version="1.0" encoding="UTF-8" ?>
<testsuite 
errors="0" failures="2" hostname="petar-HP-ZBook-Studio-G5" name="intro.FunctionsTest" tests="4" time="0.008" timestamp="2019-09-30T11:31:43">
  <properties>
[...]
</properties>
  <testcase name="Simple math" classname="intro.FunctionsTest" time="0.002">
  </testcase>
  <testcase name="More math" classname="intro.FunctionsTest" time="0.001">
  </testcase>
  <testcase name="Fizz" classname="intro.FunctionsTest" time="0.004">
    <failure 
    message="To activate the test, uncomment the previous line and comment this line" type="class org.scalatest.exceptions.TestFailedException">
      org.scalatest.exceptions.TestFailedException: To activate the test, uncomment the previous line and comment this line
      at org.scalatest.Assertions.newAssertionFailedException(Assertions.scala:528)
      at org.scalatest.Assertions.newAssertionFailedException$(Assertions.scala:527)
      at org.scalatest.FunSuite.newAssertionFailedException(FunSuite.scala:1560)
      at org.scalatest.Assertions.fail(Assertions.scala:1089)
      at org.scalatest.Assertions.fail$(Assertions.scala:1085)
      at org.scalatest.FunSuite.fail(FunSuite.scala:1560)
      at intro.FunctionsTest.$anonfun$new$3(FunctionsTest.scala:24)
      at org.scalatest.OutcomeOf.outcomeOf(OutcomeOf.scala:85)
      at org.scalatest.OutcomeOf.outcomeOf$(OutcomeOf.scala:83)
      at org.scalatest.OutcomeOf$.outcomeOf(OutcomeOf.scala:104)
      at org.scalatest.Transformer.apply(Transformer.scala:22)
      at org.scalatest.Transformer.apply(Transformer.scala:20)
      at org.scalatest.FunSuiteLike$$anon$1.apply(FunSuiteLike.scala:186)
      at org.scalatest.TestSuite.withFixture(TestSuite.scala:196)
      at org.scalatest.TestSuite.withFixture$(TestSuite.scala:195)
      at org.scalatest.FunSuite.withFixture(FunSuite.scala:1560)
      at org.scalatest.FunSuiteLike.invokeWithFixture$1(FunSuiteLike.scala:184)
      at org.scalatest.FunSuiteLike.$anonfun$runTest$1(FunSuiteLike.scala:196)
      at org.scalatest.SuperEngine.runTestImpl(Engine.scala:289)
      at org.scalatest.FunSuiteLike.runTest(FunSuiteLike.scala:196)
      at org.scalatest.FunSuiteLike.runTest$(FunSuiteLike.scala:178)
      at org.scalatest.FunSuite.runTest(FunSuite.scala:1560)
      at org.scalatest.FunSuiteLike.$anonfun$runTests$1(FunSuiteLike.scala:229)
      at org.scalatest.SuperEngine.$anonfun$runTestsInBranch$1(Engine.scala:396)
      at scala.collection.immutable.List.foreach(List.scala:389)
      at org.scalatest.SuperEngine.traverseSubNodes$1(Engine.scala:384)
      at org.scalatest.SuperEngine.runTestsInBranch(Engine.scala:379)
      at org.scalatest.SuperEngine.runTestsImpl(Engine.scala:461)
      at org.scalatest.FunSuiteLike.runTests(FunSuiteLike.scala:229)
      at org.scalatest.FunSuiteLike.runTests$(FunSuiteLike.scala:228)
      at org.scalatest.FunSuite.runTests(FunSuite.scala:1560)
      at org.scalatest.Suite.run(Suite.scala:1147)
      at org.scalatest.Suite.run$(Suite.scala:1129)
      at org.scalatest.FunSuite.org$scalatest$FunSuiteLike$$super$run(FunSuite.scala:1560)
      at org.scalatest.FunSuiteLike.$anonfun$run$1(FunSuiteLike.scala:233)
      at org.scalatest.SuperEngine.runImpl(Engine.scala:521)
      at org.scalatest.FunSuiteLike.run(FunSuiteLike.scala:233)
      at org.scalatest.FunSuiteLike.run$(FunSuiteLike.scala:232)
      at org.scalatest.FunSuite.run(FunSuite.scala:1560)
      at org.scalatest.Suite.callExecuteOnSuite$1(Suite.scala:1210)
      at org.scalatest.Suite.$anonfun$runNestedSuites$1(Suite.scala:1257)
      at scala.collection.IndexedSeqOptimized.foreach(IndexedSeqOptimized.scala:32)
      at scala.collection.IndexedSeqOptimized.foreach$(IndexedSeqOptimized.scala:29)
      at scala.collection.mutable.ArrayOps$ofRef.foreach(ArrayOps.scala:194)
      at org.scalatest.Suite.runNestedSuites(Suite.scala:1255)
      at org.scalatest.Suite.runNestedSuites$(Suite.scala:1189)
      at org.scalatest.tools.DiscoverySuite.runNestedSuites(DiscoverySuite.scala:30)
      at org.scalatest.Suite.run(Suite.scala:1144)
      at org.scalatest.Suite.run$(Suite.scala:1129)
      at org.scalatest.tools.DiscoverySuite.run(DiscoverySuite.scala:30)
      at org.scalatest.tools.SuiteRunner.run(SuiteRunner.scala:45)
      at org.scalatest.tools.Runner$.$anonfun$doRunRunRunDaDoRunRun$13(Runner.scala:1346)
      at org.scalatest.tools.Runner$.$anonfun$doRunRunRunDaDoRunRun$13$adapted(Runner.scala:1340)
      at scala.collection.immutable.List.foreach(List.scala:389)
      at org.scalatest.tools.Runner$.doRunRunRunDaDoRunRun(Runner.scala:1340)
      at org.scalatest.tools.Runner$.$anonfun$runOptionallyWithPassFailReporter$24(Runner.scala:1031)
      at org.scalatest.tools.Runner$.$anonfun$runOptionallyWithPassFailReporter$24$adapted(Runner.scala:1010)
      at org.scalatest.tools.Runner$.withClassLoaderAndDispatchReporter(Runner.scala:1506)
      at org.scalatest.tools.Runner$.runOptionallyWithPassFailReporter(Runner.scala:1010)
      at org.scalatest.tools.Runner$.main(Runner.scala:827)
      at org.scalatest.tools.Runner.main(Runner.scala)
</failure>
  </testcase>
  <testcase name="Buzz" classname="intro.FunctionsTest" time="0.001">
    <failure 
    message="To activate the test, uncomment the previous line and comment this line" type="class org.scalatest.exceptions.TestFailedException">
      org.scalatest.exceptions.TestFailedException: To activate the test, uncomment the previous line and comment this line
      at org.scalatest.Assertions.newAssertionFailedException(Assertions.scala:528)
      at org.scalatest.Assertions.newAssertionFailedException$(Assertions.scala:527)
      at org.scalatest.FunSuite.newAssertionFailedException(FunSuite.scala:1560)
      at org.scalatest.Assertions.fail(Assertions.scala:1089)
      at org.scalatest.Assertions.fail$(Assertions.scala:1085)
      at org.scalatest.FunSuite.fail(FunSuite.scala:1560)
      at intro.FunctionsTest.$anonfun$new$4(FunctionsTest.scala:31)
      at org.scalatest.OutcomeOf.outcomeOf(OutcomeOf.scala:85)
      at org.scalatest.OutcomeOf.outcomeOf$(OutcomeOf.scala:83)
      at org.scalatest.OutcomeOf$.outcomeOf(OutcomeOf.scala:104)
      at org.scalatest.Transformer.apply(Transformer.scala:22)
      at org.scalatest.Transformer.apply(Transformer.scala:20)
      at org.scalatest.FunSuiteLike$$anon$1.apply(FunSuiteLike.scala:186)
      at org.scalatest.TestSuite.withFixture(TestSuite.scala:196)
      at org.scalatest.TestSuite.withFixture$(TestSuite.scala:195)
      at org.scalatest.FunSuite.withFixture(FunSuite.scala:1560)
      at org.scalatest.FunSuiteLike.invokeWithFixture$1(FunSuiteLike.scala:184)
      at org.scalatest.FunSuiteLike.$anonfun$runTest$1(FunSuiteLike.scala:196)
      at org.scalatest.SuperEngine.runTestImpl(Engine.scala:289)
      at org.scalatest.FunSuiteLike.runTest(FunSuiteLike.scala:196)
      at org.scalatest.FunSuiteLike.runTest$(FunSuiteLike.scala:178)
      at org.scalatest.FunSuite.runTest(FunSuite.scala:1560)
      at org.scalatest.FunSuiteLike.$anonfun$runTests$1(FunSuiteLike.scala:229)
      at org.scalatest.SuperEngine.$anonfun$runTestsInBranch$1(Engine.scala:396)
      at scala.collection.immutable.List.foreach(List.scala:389)
      at org.scalatest.SuperEngine.traverseSubNodes$1(Engine.scala:384)
      at org.scalatest.SuperEngine.runTestsInBranch(Engine.scala:379)
      at org.scalatest.SuperEngine.runTestsImpl(Engine.scala:461)
      at org.scalatest.FunSuiteLike.runTests(FunSuiteLike.scala:229)
      at org.scalatest.FunSuiteLike.runTests$(FunSuiteLike.scala:228)
      at org.scalatest.FunSuite.runTests(FunSuite.scala:1560)
      at org.scalatest.Suite.run(Suite.scala:1147)
      at org.scalatest.Suite.run$(Suite.scala:1129)
      at org.scalatest.FunSuite.org$scalatest$FunSuiteLike$$super$run(FunSuite.scala:1560)
      at org.scalatest.FunSuiteLike.$anonfun$run$1(FunSuiteLike.scala:233)
      at org.scalatest.SuperEngine.runImpl(Engine.scala:521)
      at org.scalatest.FunSuiteLike.run(FunSuiteLike.scala:233)
      at org.scalatest.FunSuiteLike.run$(FunSuiteLike.scala:232)
      at org.scalatest.FunSuite.run(FunSuite.scala:1560)
      at org.scalatest.Suite.callExecuteOnSuite$1(Suite.scala:1210)
      at org.scalatest.Suite.$anonfun$runNestedSuites$1(Suite.scala:1257)
      at scala.collection.IndexedSeqOptimized.foreach(IndexedSeqOptimized.scala:32)
      at scala.collection.IndexedSeqOptimized.foreach$(IndexedSeqOptimized.scala:29)
      at scala.collection.mutable.ArrayOps$ofRef.foreach(ArrayOps.scala:194)
      at org.scalatest.Suite.runNestedSuites(Suite.scala:1255)
      at org.scalatest.Suite.runNestedSuites$(Suite.scala:1189)
      at org.scalatest.tools.DiscoverySuite.runNestedSuites(DiscoverySuite.scala:30)
      at org.scalatest.Suite.run(Suite.scala:1144)
      at org.scalatest.Suite.run$(Suite.scala:1129)
      at org.scalatest.tools.DiscoverySuite.run(DiscoverySuite.scala:30)
      at org.scalatest.tools.SuiteRunner.run(SuiteRunner.scala:45)
      at org.scalatest.tools.Runner$.$anonfun$doRunRunRunDaDoRunRun$13(Runner.scala:1346)
      at org.scalatest.tools.Runner$.$anonfun$doRunRunRunDaDoRunRun$13$adapted(Runner.scala:1340)
      at scala.collection.immutable.List.foreach(List.scala:389)
      at org.scalatest.tools.Runner$.doRunRunRunDaDoRunRun(Runner.scala:1340)
      at org.scalatest.tools.Runner$.$anonfun$runOptionallyWithPassFailReporter$24(Runner.scala:1031)
      at org.scalatest.tools.Runner$.$anonfun$runOptionallyWithPassFailReporter$24$adapted(Runner.scala:1010)
      at org.scalatest.tools.Runner$.withClassLoaderAndDispatchReporter(Runner.scala:1506)
      at org.scalatest.tools.Runner$.runOptionallyWithPassFailReporter(Runner.scala:1010)
      at org.scalatest.tools.Runner$.main(Runner.scala:827)
      at org.scalatest.tools.Runner.main(Runner.scala)
</failure>
  </testcase>
  <system-out><![CDATA[]]></system-out>
  <system-err><![CDATA[]]></system-err>
</testsuite>
